epoch: 0, lr: 0.000950, loss: 1.431558
5.531186299999998
epoch: 1, lr: 0.000902, loss: 0.891106
10.7760295
epoch: 2, lr: 0.000857, loss: 0.709229
16.0331584
epoch: 3, lr: 0.000815, loss: 0.577082
21.286098
epoch: 4, lr: 0.000774, loss: 0.411178
26.5365297
epoch: 5, lr: 0.000735, loss: 0.540907
31.777623800000004
epoch: 6, lr: 0.000698, loss: 0.651294
37.02399
epoch: 7, lr: 0.000663, loss: 0.438409
42.2582414
epoch: 8, lr: 0.000630, loss: 0.513756
47.496914200000006
epoch: 9, lr: 0.000599, loss: 0.386563
52.74599620000001
epoch: 10, lr: 0.000569, loss: 0.536721
58.05063530000001
epoch: 11, lr: 0.000540, loss: 0.324413
63.37312840000001
epoch: 12, lr: 0.000513, loss: 0.527270
68.70236850000002
epoch: 13, lr: 0.000488, loss: 0.432919
74.02334500000002
epoch: 14, lr: 0.000463, loss: 0.365967
79.35253640000002
epoch: 15, lr: 0.000440, loss: 0.369835
84.67577660000002
epoch: 16, lr: 0.000418, loss: 0.397353
89.97182720000002
epoch: 17, lr: 0.000397, loss: 0.277312
95.20506530000002
epoch: 18, lr: 0.000377, loss: 0.382395
100.43794960000001
epoch: 19, lr: 0.000358, loss: 0.311261
105.67264260000003
epoch: 20, lr: 0.000341, loss: 0.560521
110.90383580000004
epoch: 21, lr: 0.000324, loss: 0.366312
116.12658890000002
epoch: 22, lr: 0.000307, loss: 0.431109
121.35923850000002
epoch: 23, lr: 0.000292, loss: 0.394384
126.59658220000001
epoch: 24, lr: 0.000277, loss: 0.278945
131.82987810000003
epoch: 25, lr: 0.000264, loss: 0.284087
137.06846680000004
epoch: 26, lr: 0.000250, loss: 0.445388
142.33668350000005
epoch: 27, lr: 0.000238, loss: 0.401789
147.56790810000004
epoch: 28, lr: 0.000226, loss: 0.343676
152.79878650000006
epoch: 29, lr: 0.000215, loss: 0.432916
158.02468570000008
epoch: 30, lr: 0.000204, loss: 0.355694
163.26151370000008
epoch: 31, lr: 0.000194, loss: 0.451824
168.49369530000007
epoch: 32, lr: 0.000184, loss: 0.453783
173.72515870000007
epoch: 33, lr: 0.000175, loss: 0.428182
178.96424450000006
epoch: 34, lr: 0.000166, loss: 0.437875
184.19561040000005
epoch: 35, lr: 0.000158, loss: 0.337933
189.43419740000004
epoch: 36, lr: 0.000150, loss: 0.356077
194.66697860000005
epoch: 37, lr: 0.000142, loss: 0.377802
199.89451480000005
epoch: 38, lr: 0.000135, loss: 0.420812
205.1313269
epoch: 39, lr: 0.000129, loss: 0.230629
210.3661991
epoch: 40, lr: 0.000122, loss: 0.508468
215.60326619999998
epoch: 41, lr: 0.000116, loss: 0.422200
220.83704329999998
epoch: 42, lr: 0.000110, loss: 0.357461
226.0642771
epoch: 43, lr: 0.000105, loss: 0.457817
231.2964641
epoch: 44, lr: 0.000099, loss: 0.250602
236.5260648
epoch: 45, lr: 0.000094, loss: 0.285547
241.7548153
epoch: 46, lr: 0.000090, loss: 0.314835
246.97903500000004
epoch: 47, lr: 0.000085, loss: 0.410177
252.20775160000008
epoch: 48, lr: 0.000081, loss: 0.362586
257.4323365
epoch: 49, lr: 0.000077, loss: 0.295071
262.66144790000004
epoch: 50, lr: 0.000073, loss: 0.400028
267.89308170000004
epoch: 51, lr: 0.000069, loss: 0.364050
273.11751690000006
epoch: 52, lr: 0.000066, loss: 0.353530
278.34540730000003
epoch: 53, lr: 0.000063, loss: 0.329895
283.56841390000005
epoch: 54, lr: 0.000060, loss: 0.350008
288.79976150000005
epoch: 55, lr: 0.000057, loss: 0.372579
294.02855800000003
epoch: 56, lr: 0.000054, loss: 0.279133
299.2551068
epoch: 57, lr: 0.000051, loss: 0.341795
304.4823931
epoch: 58, lr: 0.000048, loss: 0.284705
309.71937240000005
epoch: 59, lr: 0.000046, loss: 0.407966
314.94723450000004
epoch: 60, lr: 0.000044, loss: 0.313326
320.1818265
epoch: 61, lr: 0.000042, loss: 0.465122
325.4094363
epoch: 62, lr: 0.000039, loss: 0.332833
330.6393333
epoch: 63, lr: 0.000038, loss: 0.468275
335.8655146
epoch: 64, lr: 0.000036, loss: 0.374286
341.09908549999994
epoch: 65, lr: 0.000034, loss: 0.359915
346.3281082
epoch: 66, lr: 0.000032, loss: 0.357411
351.5641768
epoch: 67, lr: 0.000031, loss: 0.289778
356.79256189999995
epoch: 68, lr: 0.000029, loss: 0.337094
362.0220743
epoch: 69, lr: 0.000028, loss: 0.329193
367.24762499999997
epoch: 70, lr: 0.000026, loss: 0.337229
372.4681493
epoch: 71, lr: 0.000025, loss: 0.362751
377.69996299999997
epoch: 72, lr: 0.000024, loss: 0.354017
382.9294
epoch: 73, lr: 0.000022, loss: 0.393556
388.1556467
epoch: 74, lr: 0.000021, loss: 0.341649
393.37944369999997
epoch: 75, lr: 0.000020, loss: 0.334856
398.6033872
epoch: 76, lr: 0.000019, loss: 0.288218
403.84019409999996
epoch: 77, lr: 0.000018, loss: 0.270105
409.0757551
epoch: 78, lr: 0.000017, loss: 0.389398
414.3047315
epoch: 79, lr: 0.000017, loss: 0.367862
419.5434047
epoch: 80, lr: 0.000016, loss: 0.269541
424.76456340000004
epoch: 81, lr: 0.000015, loss: 0.405381
430.00128040000004
epoch: 82, lr: 0.000014, loss: 0.332040
435.2364403
epoch: 83, lr: 0.000013, loss: 0.194712
440.46298879999995
epoch: 84, lr: 0.000013, loss: 0.316690
445.6887094
epoch: 85, lr: 0.000012, loss: 0.365268
450.9187997
epoch: 86, lr: 0.000012, loss: 0.240426
456.14482870000006
epoch: 87, lr: 0.000011, loss: 0.313895
461.3761787000001
epoch: 88, lr: 0.000010, loss: 0.284703
466.6070199000002
epoch: 89, lr: 0.000010, loss: 0.362610
471.82327750000013
epoch: 90, lr: 0.000009, loss: 0.305197
477.0509786000001
epoch: 91, lr: 0.000009, loss: 0.241573
482.27662010000006
epoch: 92, lr: 0.000008, loss: 0.305084
487.5015462000001
epoch: 93, lr: 0.000008, loss: 0.441345
492.7333818000001
epoch: 94, lr: 0.000008, loss: 0.392271
497.9588976000001
epoch: 95, lr: 0.000007, loss: 0.235168
503.1868124000001
epoch: 96, lr: 0.000007, loss: 0.284471
508.41448160000016
epoch: 97, lr: 0.000007, loss: 0.408672
513.6444741000003
epoch: 98, lr: 0.000006, loss: 0.308030
518.8812676000002
epoch: 99, lr: 0.000006, loss: 0.357577
524.1157534000002
epoch: 100, lr: 0.000006, loss: 0.401407
529.3542637000002
epoch: 101, lr: 0.000005, loss: 0.284320
534.5850589000001
epoch: 102, lr: 0.000005, loss: 0.380814
539.8097359000001
epoch: 103, lr: 0.000005, loss: 0.395835
545.0485854000001
epoch: 104, lr: 0.000005, loss: 0.332924
550.2850538000001
epoch: 105, lr: 0.000004, loss: 0.375145
555.5243682000001
epoch: 106, lr: 0.000004, loss: 0.290501
560.7585785000001
epoch: 107, lr: 0.000004, loss: 0.316758
565.9902618000001
epoch: 108, lr: 0.000004, loss: 0.228743
571.2188301000001
epoch: 109, lr: 0.000004, loss: 0.326845
576.4468598000001
epoch: 110, lr: 0.000003, loss: 0.272150
581.6796068000001
epoch: 111, lr: 0.000003, loss: 0.357356
586.9061692000001
epoch: 112, lr: 0.000003, loss: 0.342011
592.1373023000001
epoch: 113, lr: 0.000003, loss: 0.295102
597.3708278000001
epoch: 114, lr: 0.000003, loss: 0.412741
602.5985379000002
epoch: 115, lr: 0.000003, loss: 0.384702
607.8322752000003
epoch: 116, lr: 0.000002, loss: 0.341975
613.0610661000003
epoch: 117, lr: 0.000002, loss: 0.359623
618.2898540000002
epoch: 118, lr: 0.000002, loss: 0.345077
623.5216090000002
epoch: 119, lr: 0.000002, loss: 0.350807
628.7517544000002
epoch: 120, lr: 0.000002, loss: 0.458835
633.9797191000001
epoch: 121, lr: 0.000002, loss: 0.245133
639.2122780000002
epoch: 122, lr: 0.000002, loss: 0.337558
644.4453650000002
epoch: 123, lr: 0.000002, loss: 0.384734
649.6699007000002
epoch: 124, lr: 0.000002, loss: 0.316680
654.9010984000003
epoch: 125, lr: 0.000002, loss: 0.385572
660.1397881000003
epoch: 126, lr: 0.000001, loss: 0.362444
665.3674300000004
epoch: 127, lr: 0.000001, loss: 0.316552
670.5999860000003
epoch: 128, lr: 0.000001, loss: 0.332470
675.8400867000003
epoch: 129, lr: 0.000001, loss: 0.248489
681.0736678000003
epoch: 130, lr: 0.000001, loss: 0.352616
686.2993697000003
epoch: 131, lr: 0.000001, loss: 0.294949
691.5321692000002
epoch: 132, lr: 0.000001, loss: 0.383829
696.7581557000003
epoch: 133, lr: 0.000001, loss: 0.343154
701.9809086000004
epoch: 134, lr: 0.000001, loss: 0.349062
707.2104956000003
epoch: 135, lr: 0.000001, loss: 0.335267
712.4507371000003
epoch: 136, lr: 0.000001, loss: 0.424630
717.6786384000003
epoch: 137, lr: 0.000001, loss: 0.327360
722.9128040000003
epoch: 138, lr: 0.000001, loss: 0.300489
728.1467958000003
epoch: 139, lr: 0.000001, loss: 0.334559
733.3750293000003
epoch: 140, lr: 0.000001, loss: 0.273824
738.6130939000003
epoch: 141, lr: 0.000001, loss: 0.276278
743.8517126000003
epoch: 142, lr: 0.000001, loss: 0.435122
749.0818218000003
epoch: 143, lr: 0.000001, loss: 0.326642
754.3137154000003
epoch: 144, lr: 0.000001, loss: 0.325055
759.5472938000004
epoch: 145, lr: 0.000001, loss: 0.336826
764.7741173000004
epoch: 146, lr: 0.000001, loss: 0.367486
770.0155549000004
epoch: 147, lr: 0.000001, loss: 0.277767
775.2560950000005
epoch: 148, lr: 0.000001, loss: 0.365843
780.4919853000006
epoch: 149, lr: 0.000001, loss: 0.318482
785.7213429000006
epoch: 0, lr: 0.000475, loss: 1.456583
6.045808300000001
epoch: 1, lr: 0.000451, loss: 0.872017
11.113294800000002
epoch: 2, lr: 0.000429, loss: 0.696328
16.268464
epoch: 3, lr: 0.000407, loss: 0.526248
21.4134319
epoch: 4, lr: 0.000387, loss: 0.538586
26.5608991
epoch: 5, lr: 0.000368, loss: 0.258529
31.711694100000003
epoch: 6, lr: 0.000349, loss: 0.298223
36.8569476
epoch: 7, lr: 0.000332, loss: 0.290592
42.00171809999999
epoch: 8, lr: 0.000315, loss: 0.299874
47.188389499999985
epoch: 9, lr: 0.000299, loss: 0.481141
52.32123829999999
epoch: 10, lr: 0.000284, loss: 0.333411
57.48562089999999
epoch: 11, lr: 0.000270, loss: 0.268391
62.626529599999984
epoch: 12, lr: 0.000257, loss: 0.318663
67.79012399999999
epoch: 13, lr: 0.000244, loss: 0.183685
72.94238299999999
epoch: 14, lr: 0.000232, loss: 0.433284
78.1133537
epoch: 15, lr: 0.000220, loss: 0.217361
83.25219570000002
epoch: 16, lr: 0.000209, loss: 0.232924
88.3816214
epoch: 17, lr: 0.000199, loss: 0.244018
93.4558662
epoch: 18, lr: 0.000189, loss: 0.339550
98.5333665
epoch: 19, lr: 0.000179, loss: 0.292653
103.60235929999999
epoch: 20, lr: 0.000170, loss: 0.308994
108.6696777
epoch: 21, lr: 0.000162, loss: 0.244935
113.7408369
epoch: 22, lr: 0.000154, loss: 0.146327
118.8182617
epoch: 23, lr: 0.000146, loss: 0.288703
123.88717019999999
epoch: 24, lr: 0.000139, loss: 0.359314
128.9643144
epoch: 25, lr: 0.000132, loss: 0.247830
134.03562140000003
epoch: 26, lr: 0.000125, loss: 0.271501
139.1022014
epoch: 27, lr: 0.000119, loss: 0.124687
144.1748114
epoch: 28, lr: 0.000113, loss: 0.233999
149.2401548
epoch: 29, lr: 0.000107, loss: 0.238655
154.30684540000001
epoch: 30, lr: 0.000102, loss: 0.282918
159.3854908
epoch: 31, lr: 0.000097, loss: 0.261215
164.4529389
epoch: 32, lr: 0.000092, loss: 0.228276
169.5237974
epoch: 33, lr: 0.000087, loss: 0.270309
174.6031614
epoch: 34, lr: 0.000083, loss: 0.094534
179.67379880000001
epoch: 35, lr: 0.000079, loss: 0.249986
184.7420604
epoch: 36, lr: 0.000075, loss: 0.316287
189.80759480000006
epoch: 37, lr: 0.000071, loss: 0.183722
194.87177470000006
epoch: 38, lr: 0.000068, loss: 0.189094
199.9334157
epoch: 39, lr: 0.000064, loss: 0.317473
204.99834040000002
epoch: 40, lr: 0.000061, loss: 0.258252
210.0627809
epoch: 41, lr: 0.000058, loss: 0.164857
215.1255281
epoch: 42, lr: 0.000055, loss: 0.303639
220.1886773
epoch: 43, lr: 0.000052, loss: 0.218364
225.25705829999998
epoch: 44, lr: 0.000050, loss: 0.239385
230.32377689999998
epoch: 45, lr: 0.000047, loss: 0.263669
235.3914221
epoch: 46, lr: 0.000045, loss: 0.151989
240.4535785
epoch: 47, lr: 0.000043, loss: 0.243075
245.52232709999998
epoch: 48, lr: 0.000040, loss: 0.179628
250.59446339999994
epoch: 49, lr: 0.000038, loss: 0.243247
255.66306759999992
epoch: 50, lr: 0.000037, loss: 0.259292
260.72928149999996
epoch: 51, lr: 0.000035, loss: 0.201562
265.79759579999995
epoch: 52, lr: 0.000033, loss: 0.363106
270.8643022
epoch: 53, lr: 0.000031, loss: 0.211498
275.9243654
epoch: 54, lr: 0.000030, loss: 0.179179
280.9878228
epoch: 55, lr: 0.000028, loss: 0.210632
286.04994370000003
epoch: 56, lr: 0.000027, loss: 0.141582
291.11774420000006
epoch: 57, lr: 0.000026, loss: 0.224944
296.20047790000007
epoch: 58, lr: 0.000024, loss: 0.239378
301.2546379000001
epoch: 59, lr: 0.000023, loss: 0.293049
306.3222345000001
epoch: 60, lr: 0.000022, loss: 0.179297
311.3887509000001
epoch: 61, lr: 0.000021, loss: 0.201558
316.4485909000001
epoch: 62, lr: 0.000020, loss: 0.171743
321.5171702000001
epoch: 63, lr: 0.000019, loss: 0.231193
326.58287360000014
epoch: 64, lr: 0.000018, loss: 0.152170
331.64554480000015
epoch: 65, lr: 0.000017, loss: 0.214570
336.71134510000013
epoch: 66, lr: 0.000016, loss: 0.149084
341.7776280000001
epoch: 67, lr: 0.000015, loss: 0.258176
346.8444925000001
epoch: 68, lr: 0.000015, loss: 0.121285
351.9044206000001
epoch: 69, lr: 0.000014, loss: 0.215272
356.9757768000001
epoch: 70, lr: 0.000013, loss: 0.148140
362.04275390000015
epoch: 71, lr: 0.000012, loss: 0.187939
367.1107251000002
epoch: 72, lr: 0.000012, loss: 0.207039
372.18016400000016
epoch: 73, lr: 0.000011, loss: 0.343843
377.25589970000016
epoch: 74, lr: 0.000011, loss: 0.129158
382.32391790000014
epoch: 75, lr: 0.000010, loss: 0.183638
387.3790227000002
epoch: 76, lr: 0.000010, loss: 0.171072
392.4424701000002
epoch: 77, lr: 0.000009, loss: 0.243128
397.5074260000002
epoch: 78, lr: 0.000009, loss: 0.280597
402.57946270000014
epoch: 79, lr: 0.000008, loss: 0.230466
407.6457531000001
epoch: 80, lr: 0.000008, loss: 0.233865
412.7151362000001
epoch: 81, lr: 0.000007, loss: 0.264650
417.7878981000001
epoch: 82, lr: 0.000007, loss: 0.164508
422.8550556000001
epoch: 83, lr: 0.000007, loss: 0.192115
427.92258860000004
epoch: 84, lr: 0.000006, loss: 0.246234
432.9984928000001
epoch: 85, lr: 0.000006, loss: 0.249063
438.0752232000001
epoch: 86, lr: 0.000006, loss: 0.193524
443.14622840000004
epoch: 87, lr: 0.000005, loss: 0.188892
448.21825709999996
epoch: 88, lr: 0.000005, loss: 0.213722
453.2798418
epoch: 89, lr: 0.000005, loss: 0.207661
458.34923560000004
epoch: 90, lr: 0.000005, loss: 0.226600
463.42431610000006
epoch: 91, lr: 0.000004, loss: 0.302961
468.4997422000001
epoch: 92, lr: 0.000004, loss: 0.207494
473.5596845000001
epoch: 93, lr: 0.000004, loss: 0.326289
478.6344002000001
epoch: 94, lr: 0.000004, loss: 0.171483
483.71428760000003
epoch: 95, lr: 0.000004, loss: 0.263078
488.7858426
epoch: 96, lr: 0.000003, loss: 0.334746
493.8534612000001
epoch: 97, lr: 0.000003, loss: 0.182263
498.9263486000001
epoch: 98, lr: 0.000003, loss: 0.206357
503.9991195000001
epoch: 99, lr: 0.000003, loss: 0.207399
509.07769640000015
epoch: 100, lr: 0.000003, loss: 0.306402
514.1460538000001
epoch: 101, lr: 0.000003, loss: 0.205652
519.2194991000001
epoch: 102, lr: 0.000003, loss: 0.177839
524.2963271000001
epoch: 103, lr: 0.000002, loss: 0.219046
529.3717567000001
epoch: 104, lr: 0.000002, loss: 0.203144
534.4476968000001
epoch: 105, lr: 0.000002, loss: 0.217035
539.5211999000002
epoch: 106, lr: 0.000002, loss: 0.205082
544.5931616000001
epoch: 107, lr: 0.000002, loss: 0.267730
549.6656011000001
epoch: 108, lr: 0.000002, loss: 0.178484
554.7368328000001
epoch: 109, lr: 0.000002, loss: 0.203951
559.8096952000001
epoch: 110, lr: 0.000002, loss: 0.184428
564.8911003000001
epoch: 111, lr: 0.000002, loss: 0.178458
569.9638064000001
epoch: 112, lr: 0.000002, loss: 0.127447
575.0381031000002
epoch: 113, lr: 0.000001, loss: 0.217858
580.1033695000002
epoch: 114, lr: 0.000001, loss: 0.249094
585.1713246000002
epoch: 115, lr: 0.000001, loss: 0.239359
590.2408158000002
epoch: 116, lr: 0.000001, loss: 0.222318
595.3160540000002
epoch: 117, lr: 0.000001, loss: 0.218120
600.3870775000003
epoch: 118, lr: 0.000001, loss: 0.164369
605.4570236000003
epoch: 119, lr: 0.000001, loss: 0.168378
610.5276756000003
epoch: 120, lr: 0.000001, loss: 0.208098
615.6053305000004
epoch: 121, lr: 0.000001, loss: 0.183725
620.6687224000004
epoch: 122, lr: 0.000001, loss: 0.232122
625.7395163000004
epoch: 123, lr: 0.000001, loss: 0.231854
630.8114994000005
epoch: 124, lr: 0.000001, loss: 0.175922
635.8834879000005
epoch: 125, lr: 0.000001, loss: 0.131148
640.9537210000005
epoch: 126, lr: 0.000001, loss: 0.219535
646.0211351000006
epoch: 127, lr: 0.000001, loss: 0.206883
651.0967000000006
epoch: 128, lr: 0.000001, loss: 0.247655
656.1681414000006
epoch: 129, lr: 0.000001, loss: 0.217849
661.2424057000006
epoch: 130, lr: 0.000001, loss: 0.159833
666.3154448000006
epoch: 131, lr: 0.000001, loss: 0.144919
671.3901839000006
epoch: 132, lr: 0.000001, loss: 0.276366
676.4680746000006
epoch: 133, lr: 0.000001, loss: 0.158329
681.5454643000006
epoch: 134, lr: 0.000001, loss: 0.290590
686.6250010000007
epoch: 135, lr: 0.000001, loss: 0.235686
691.6927753000007
epoch: 136, lr: 0.000001, loss: 0.199330
696.7691209000006
epoch: 137, lr: 0.000001, loss: 0.159074
701.8445110000006
epoch: 138, lr: 0.000001, loss: 0.180277
706.9199437000005
epoch: 139, lr: 0.000001, loss: 0.268967
711.9988863000005
epoch: 140, lr: 0.000001, loss: 0.232939
717.0678605000006
epoch: 141, lr: 0.000001, loss: 0.183963
722.1466074000006
epoch: 142, lr: 0.000001, loss: 0.220284
727.2211862000005
epoch: 143, lr: 0.000001, loss: 0.207720
732.2957852000005
epoch: 144, lr: 0.000001, loss: 0.175275
737.3741134000005
epoch: 145, lr: 0.000001, loss: 0.257273
742.4445489000005
epoch: 146, lr: 0.000001, loss: 0.239690
747.5202423000005
epoch: 147, lr: 0.000001, loss: 0.278679
752.5888680000005
epoch: 148, lr: 0.000001, loss: 0.275961
757.6626746000005
epoch: 149, lr: 0.000001, loss: 0.320469
762.7335544000005
epoch: 0, lr: 0.000475, loss: 1.443907
5.4001608999999995
epoch: 1, lr: 0.000451, loss: 0.872462
10.5318845
epoch: 2, lr: 0.000429, loss: 0.567533
15.6639281
epoch: 3, lr: 0.000407, loss: 0.506689
20.8031851
epoch: 4, lr: 0.000387, loss: 0.619595
25.9500697
epoch: 5, lr: 0.000368, loss: 0.445781
31.098401700000004
epoch: 6, lr: 0.000349, loss: 0.384624
36.2318495
epoch: 7, lr: 0.000332, loss: 0.314573
41.3621027
epoch: 8, lr: 0.000315, loss: 0.256273
46.498347
epoch: 9, lr: 0.000299, loss: 0.322735
51.62942089999999
epoch: 10, lr: 0.000284, loss: 0.200791
56.768882199999986
epoch: 11, lr: 0.000270, loss: 0.228707
61.902573499999995
epoch: 12, lr: 0.000257, loss: 0.347248
67.03411919999999
epoch: 13, lr: 0.000244, loss: 0.343577
72.1700472
epoch: 14, lr: 0.000232, loss: 0.313330
77.3019719
epoch: 15, lr: 0.000220, loss: 0.321250
82.43429099999999
epoch: 16, lr: 0.000209, loss: 0.368625
87.56388419999999
epoch: 17, lr: 0.000199, loss: 0.339141
92.69767479999999
epoch: 18, lr: 0.000189, loss: 0.287119
97.82681459999999
epoch: 19, lr: 0.000179, loss: 0.148568
102.96585309999999
epoch: 20, lr: 0.000170, loss: 0.311403
108.0922926
epoch: 21, lr: 0.000162, loss: 0.294816
113.22195419999998
epoch: 22, lr: 0.000154, loss: 0.191125
118.35089579999998
epoch: 23, lr: 0.000146, loss: 0.166341
123.48389279999996
epoch: 24, lr: 0.000139, loss: 0.211964
128.61954139999995
epoch: 25, lr: 0.000132, loss: 0.212215
133.75193659999994
epoch: 26, lr: 0.000125, loss: 0.181456
138.88172589999994
epoch: 27, lr: 0.000119, loss: 0.214622
144.00524269999994
epoch: 28, lr: 0.000113, loss: 0.156535
149.13329569999993
epoch: 29, lr: 0.000107, loss: 0.291016
154.26491909999996
epoch: 30, lr: 0.000102, loss: 0.284403
159.39453689999993
epoch: 31, lr: 0.000097, loss: 0.161805
164.52651869999994
epoch: 32, lr: 0.000092, loss: 0.099173
169.65200629999993
epoch: 33, lr: 0.000087, loss: 0.209225
174.77944529999994
epoch: 34, lr: 0.000083, loss: 0.184882
179.91067899999993
epoch: 35, lr: 0.000079, loss: 0.233238
185.04859799999994
epoch: 36, lr: 0.000075, loss: 0.087528
190.18121509999995
epoch: 37, lr: 0.000071, loss: 0.175273
195.30848599999993
epoch: 38, lr: 0.000068, loss: 0.249229
200.43609959999992
epoch: 39, lr: 0.000064, loss: 0.202091
205.5591863999999
epoch: 40, lr: 0.000061, loss: 0.128652
210.6896692999999
epoch: 41, lr: 0.000058, loss: 0.197595
215.81841749999987
epoch: 42, lr: 0.000055, loss: 0.310959
220.94960299999988
epoch: 43, lr: 0.000052, loss: 0.104037
226.0747708999999
epoch: 44, lr: 0.000050, loss: 0.184723
231.2083183999999
epoch: 45, lr: 0.000047, loss: 0.172882
236.3309682999999
epoch: 46, lr: 0.000045, loss: 0.224554
241.4649287999999
epoch: 47, lr: 0.000043, loss: 0.185735
246.59245849999994
epoch: 48, lr: 0.000040, loss: 0.230148
251.72055769999994
epoch: 49, lr: 0.000038, loss: 0.120696
256.84098169999993
epoch: 50, lr: 0.000037, loss: 0.153845
261.9691583999999
epoch: 51, lr: 0.000035, loss: 0.167088
267.0956663999999
epoch: 52, lr: 0.000033, loss: 0.146759
272.2133617999999
epoch: 53, lr: 0.000031, loss: 0.208459
277.33697929999994
epoch: 54, lr: 0.000030, loss: 0.144897
282.46274359999995
epoch: 55, lr: 0.000028, loss: 0.324358
287.57975609999994
epoch: 56, lr: 0.000027, loss: 0.262476
292.7092367999999
epoch: 57, lr: 0.000026, loss: 0.198544
297.8335393999999
epoch: 58, lr: 0.000024, loss: 0.163581
302.9571790999999
epoch: 59, lr: 0.000023, loss: 0.280163
308.0906251999999
epoch: 60, lr: 0.000022, loss: 0.191803
313.2181211999999
epoch: 61, lr: 0.000021, loss: 0.171927
318.3462429999999
epoch: 62, lr: 0.000020, loss: 0.240932
323.47918119999986
epoch: 63, lr: 0.000019, loss: 0.169837
328.61496509999984
epoch: 64, lr: 0.000018, loss: 0.175562
333.74225069999983
epoch: 65, lr: 0.000017, loss: 0.208597
338.86786789999985
epoch: 66, lr: 0.000016, loss: 0.135724
344.0002365999999
epoch: 67, lr: 0.000015, loss: 0.193037
349.1247210999999
epoch: 68, lr: 0.000015, loss: 0.239357
354.2460638999999
epoch: 69, lr: 0.000014, loss: 0.236087
359.3833448999999
epoch: 70, lr: 0.000013, loss: 0.184932
364.51084659999987
epoch: 71, lr: 0.000012, loss: 0.148428
369.6343865999999
epoch: 72, lr: 0.000012, loss: 0.198184
374.7575117999999
epoch: 73, lr: 0.000011, loss: 0.276601
379.8863897999999
epoch: 74, lr: 0.000011, loss: 0.267303
385.0175073999999
epoch: 75, lr: 0.000010, loss: 0.256995
390.1420528999999
epoch: 76, lr: 0.000010, loss: 0.158514
395.2668425999999
epoch: 77, lr: 0.000009, loss: 0.220473
400.3880205999999
epoch: 78, lr: 0.000009, loss: 0.115138
405.5103222999999
epoch: 79, lr: 0.000008, loss: 0.340026
410.6344451999999
epoch: 80, lr: 0.000008, loss: 0.150464
415.7564018999999
epoch: 81, lr: 0.000007, loss: 0.260731
420.88599769999985
epoch: 82, lr: 0.000007, loss: 0.173740
426.0164781999998
epoch: 83, lr: 0.000007, loss: 0.260242
431.14405169999986
epoch: 84, lr: 0.000006, loss: 0.231332
436.27033989999984
epoch: 85, lr: 0.000006, loss: 0.225459
441.3920284999999
epoch: 86, lr: 0.000006, loss: 0.179164
446.52141889999996
epoch: 87, lr: 0.000005, loss: 0.172691
451.6445781
epoch: 88, lr: 0.000005, loss: 0.218079
456.76620749999995
epoch: 89, lr: 0.000005, loss: 0.194067
461.8865288999999
epoch: 90, lr: 0.000005, loss: 0.139779
467.0111695999999
epoch: 91, lr: 0.000004, loss: 0.224882
472.13552859999993
epoch: 92, lr: 0.000004, loss: 0.203220
477.2665305999999
epoch: 93, lr: 0.000004, loss: 0.267901
482.3846964999999
epoch: 94, lr: 0.000004, loss: 0.220173
487.5046571999999
epoch: 95, lr: 0.000004, loss: 0.233287
492.6354896999999
epoch: 96, lr: 0.000003, loss: 0.162303
497.76296849999983
epoch: 97, lr: 0.000003, loss: 0.259047
502.8869451999998
epoch: 98, lr: 0.000003, loss: 0.119921
508.01739369999984
epoch: 99, lr: 0.000003, loss: 0.261088
513.1440215999999
epoch: 100, lr: 0.000003, loss: 0.304763
518.2755153999998
epoch: 101, lr: 0.000003, loss: 0.192359
523.4080781999997
epoch: 102, lr: 0.000003, loss: 0.213526
528.5408887999997
epoch: 103, lr: 0.000002, loss: 0.244013
533.6837275999998
epoch: 104, lr: 0.000002, loss: 0.168621
538.8124170999998
epoch: 105, lr: 0.000002, loss: 0.247499
543.9426505999999
epoch: 106, lr: 0.000002, loss: 0.149328
549.0732147999998
epoch: 107, lr: 0.000002, loss: 0.182033
554.2108581999998
epoch: 108, lr: 0.000002, loss: 0.103666
559.3420899999999
epoch: 109, lr: 0.000002, loss: 0.208191
564.4924866999999
epoch: 110, lr: 0.000002, loss: 0.248689
569.6303035999999
epoch: 111, lr: 0.000002, loss: 0.207950
574.7700593
epoch: 112, lr: 0.000002, loss: 0.295464
579.9017418
epoch: 113, lr: 0.000001, loss: 0.292562
585.0366078999999
epoch: 114, lr: 0.000001, loss: 0.185158
590.1751865999998
epoch: 115, lr: 0.000001, loss: 0.283027
595.3042746999998
epoch: 116, lr: 0.000001, loss: 0.149315
600.4393539999998
epoch: 117, lr: 0.000001, loss: 0.258951
605.5654630999998
epoch: 118, lr: 0.000001, loss: 0.243880
610.6969362999997
epoch: 119, lr: 0.000001, loss: 0.175086
615.8368047999996
epoch: 120, lr: 0.000001, loss: 0.150343
620.9608390999996
epoch: 121, lr: 0.000001, loss: 0.316996
626.0870824999996
epoch: 122, lr: 0.000001, loss: 0.070789
631.2147815999996
epoch: 123, lr: 0.000001, loss: 0.190286
636.3361985999995
epoch: 124, lr: 0.000001, loss: 0.207411
641.4672018999996
epoch: 125, lr: 0.000001, loss: 0.155106
646.5952263999997
epoch: 126, lr: 0.000001, loss: 0.118955
651.7196350999997
epoch: 127, lr: 0.000001, loss: 0.215140
656.8497569999996
epoch: 128, lr: 0.000001, loss: 0.135372
661.9768597999996
epoch: 129, lr: 0.000001, loss: 0.212214
667.1062046999996
epoch: 130, lr: 0.000001, loss: 0.256524
672.2333742999996
epoch: 131, lr: 0.000001, loss: 0.271112
677.3631772999995
epoch: 132, lr: 0.000001, loss: 0.186604
682.4862873999996
epoch: 133, lr: 0.000001, loss: 0.188406
687.6110747999996
epoch: 134, lr: 0.000001, loss: 0.186091
692.7413098999996
epoch: 135, lr: 0.000001, loss: 0.170496
697.8724567999996
epoch: 136, lr: 0.000001, loss: 0.233882
702.9975747999995
epoch: 137, lr: 0.000001, loss: 0.174432
708.1246934999995
epoch: 138, lr: 0.000001, loss: 0.254736
713.2552137999995
epoch: 139, lr: 0.000001, loss: 0.274834
718.3850468999995
epoch: 140, lr: 0.000001, loss: 0.160419
723.5166043999994
epoch: 141, lr: 0.000001, loss: 0.326841
728.6397612999993
epoch: 142, lr: 0.000001, loss: 0.255284
733.7624010999994
epoch: 143, lr: 0.000001, loss: 0.157433
738.8943959999993
epoch: 144, lr: 0.000001, loss: 0.181769
744.0263330999993
epoch: 145, lr: 0.000001, loss: 0.265800
749.1538624999994
epoch: 146, lr: 0.000001, loss: 0.260595
754.2918426999994
epoch: 147, lr: 0.000001, loss: 0.187821
759.4327305999993
epoch: 148, lr: 0.000001, loss: 0.271852
764.5749380999993
epoch: 149, lr: 0.000001, loss: 0.200677
769.7077603999993
epoch: 0, lr: 0.000475, loss: 1.492059
5.425572300000001
epoch: 1, lr: 0.000451, loss: 0.952186
10.5163053
epoch: 2, lr: 0.000429, loss: 0.751238
15.605806
epoch: 3, lr: 0.000407, loss: 0.447687
20.702807899999996
epoch: 4, lr: 0.000387, loss: 0.435303
25.795415899999995
epoch: 5, lr: 0.000368, loss: 0.400058
30.880443999999997
epoch: 6, lr: 0.000349, loss: 0.454487
35.983506
epoch: 7, lr: 0.000332, loss: 0.479238
41.068963999999994
epoch: 8, lr: 0.000315, loss: 0.374759
46.1601067
epoch: 9, lr: 0.000299, loss: 0.235062
51.252571200000006
epoch: 10, lr: 0.000284, loss: 0.263755
56.33602380000001
epoch: 11, lr: 0.000270, loss: 0.338607
61.428246400000006
epoch: 12, lr: 0.000257, loss: 0.234980
66.51803140000001
epoch: 13, lr: 0.000244, loss: 0.183371
71.60181320000001
epoch: 14, lr: 0.000232, loss: 0.282120
76.6897435
epoch: 15, lr: 0.000220, loss: 0.175936
81.7759994
epoch: 16, lr: 0.000209, loss: 0.208863
86.86772069999999
epoch: 17, lr: 0.000199, loss: 0.249030
91.96355069999998
epoch: 18, lr: 0.000189, loss: 0.227865
97.05550769999999
epoch: 19, lr: 0.000179, loss: 0.297851
102.14786259999997
epoch: 20, lr: 0.000170, loss: 0.318100
107.2397556
epoch: 21, lr: 0.000162, loss: 0.221609
112.33379109999998
epoch: 22, lr: 0.000154, loss: 0.225539
117.43016819999997
epoch: 23, lr: 0.000146, loss: 0.271300
122.51635579999996
epoch: 24, lr: 0.000139, loss: 0.232875
127.60082629999997
epoch: 25, lr: 0.000132, loss: 0.227898
132.68510559999999
epoch: 26, lr: 0.000125, loss: 0.297919
137.7712359
epoch: 27, lr: 0.000119, loss: 0.243701
142.8536626
epoch: 28, lr: 0.000113, loss: 0.138035
147.9388101
epoch: 29, lr: 0.000107, loss: 0.314784
153.02028420000002
epoch: 30, lr: 0.000102, loss: 0.213861
158.10593870000002
epoch: 31, lr: 0.000097, loss: 0.237216
163.1871466
epoch: 32, lr: 0.000092, loss: 0.317556
168.2777474
epoch: 33, lr: 0.000087, loss: 0.270064
173.36280530000002
epoch: 34, lr: 0.000083, loss: 0.271177
178.45316470000003
epoch: 35, lr: 0.000079, loss: 0.159570
183.53567900000004
epoch: 36, lr: 0.000075, loss: 0.273386
188.61665090000005
epoch: 37, lr: 0.000071, loss: 0.138200
193.69410160000004
epoch: 38, lr: 0.000068, loss: 0.166767
198.78584620000004
epoch: 39, lr: 0.000064, loss: 0.353520
203.86720870000005
epoch: 40, lr: 0.000061, loss: 0.295020
208.94912890000006
epoch: 41, lr: 0.000058, loss: 0.187442
214.02719600000006
epoch: 42, lr: 0.000055, loss: 0.280290
219.10650300000003
epoch: 43, lr: 0.000052, loss: 0.203913
224.1906781
epoch: 44, lr: 0.000050, loss: 0.209425
229.26783780000005
epoch: 45, lr: 0.000047, loss: 0.193815
234.36167800000004
epoch: 46, lr: 0.000045, loss: 0.252122
239.43702610000003
epoch: 47, lr: 0.000043, loss: 0.268881
244.5120174
epoch: 48, lr: 0.000040, loss: 0.223264
249.5961853
epoch: 49, lr: 0.000038, loss: 0.172776
254.680538
epoch: 50, lr: 0.000037, loss: 0.219601
259.7617519
epoch: 51, lr: 0.000035, loss: 0.176051
264.8410655
epoch: 52, lr: 0.000033, loss: 0.173920
269.92120960000005
epoch: 53, lr: 0.000031, loss: 0.191100
275.00548970000006
epoch: 54, lr: 0.000030, loss: 0.276857
280.0865320000001
epoch: 55, lr: 0.000028, loss: 0.208664
285.1686711000001
epoch: 56, lr: 0.000027, loss: 0.298029
290.25479050000007
epoch: 57, lr: 0.000026, loss: 0.226118
295.3502953000001
epoch: 58, lr: 0.000024, loss: 0.232039
300.4242775000001
epoch: 59, lr: 0.000023, loss: 0.342956
305.50746950000007
epoch: 60, lr: 0.000022, loss: 0.147326
310.5869484000001
epoch: 61, lr: 0.000021, loss: 0.171923
315.67035490000006
epoch: 62, lr: 0.000020, loss: 0.167009
320.7516115000001
epoch: 63, lr: 0.000019, loss: 0.259160
325.8336010000001
epoch: 64, lr: 0.000018, loss: 0.146357
330.91876760000014
epoch: 65, lr: 0.000017, loss: 0.237447
336.0041016000001
epoch: 66, lr: 0.000016, loss: 0.247883
341.0868658000001
epoch: 67, lr: 0.000015, loss: 0.124881
346.17044720000007
epoch: 68, lr: 0.000015, loss: 0.251286
351.25787980000007
epoch: 69, lr: 0.000014, loss: 0.213694
356.3494878000001
epoch: 70, lr: 0.000013, loss: 0.210926
361.44066410000005
epoch: 71, lr: 0.000012, loss: 0.186390
366.52370410000003
epoch: 72, lr: 0.000012, loss: 0.139894
371.6039205000001
epoch: 73, lr: 0.000011, loss: 0.220560
376.6919581000001
epoch: 74, lr: 0.000011, loss: 0.151921
381.77810960000005
epoch: 75, lr: 0.000010, loss: 0.189524
386.8586847
epoch: 76, lr: 0.000010, loss: 0.220255
391.93998960000005
epoch: 77, lr: 0.000009, loss: 0.233723
397.02865440000005
epoch: 78, lr: 0.000009, loss: 0.410104
402.11260810000005
epoch: 79, lr: 0.000008, loss: 0.158228
407.19736170000004
epoch: 80, lr: 0.000008, loss: 0.266354
412.2829133000001
epoch: 81, lr: 0.000007, loss: 0.135326
417.36645030000005
epoch: 82, lr: 0.000007, loss: 0.270130
422.4481486
epoch: 83, lr: 0.000007, loss: 0.236169
427.5254826
epoch: 84, lr: 0.000006, loss: 0.331702
432.61018099999995
epoch: 85, lr: 0.000006, loss: 0.185644
437.69526379999996
epoch: 86, lr: 0.000006, loss: 0.187072
442.7805621999999
epoch: 87, lr: 0.000005, loss: 0.265251
447.8622432999999
epoch: 88, lr: 0.000005, loss: 0.146158
452.9459667999999
epoch: 89, lr: 0.000005, loss: 0.195201
458.0305995999999
epoch: 90, lr: 0.000005, loss: 0.263588
463.1122752999999
epoch: 91, lr: 0.000004, loss: 0.357317
468.19267989999986
epoch: 92, lr: 0.000004, loss: 0.182735
473.28036479999986
epoch: 93, lr: 0.000004, loss: 0.221234
478.3635161999999
epoch: 94, lr: 0.000004, loss: 0.231516
483.4433822999999
epoch: 95, lr: 0.000004, loss: 0.257529
488.52574539999983
epoch: 96, lr: 0.000003, loss: 0.118156
493.61890409999984
epoch: 97, lr: 0.000003, loss: 0.247940
498.6976846999998
epoch: 98, lr: 0.000003, loss: 0.136998
503.7792161999998
epoch: 99, lr: 0.000003, loss: 0.234642
508.8624642999998
epoch: 100, lr: 0.000003, loss: 0.214314
513.9461490999997
epoch: 101, lr: 0.000003, loss: 0.196340
519.0289388999997
epoch: 102, lr: 0.000003, loss: 0.178124
524.1134643999997
epoch: 103, lr: 0.000002, loss: 0.315835
529.1930624999997
epoch: 104, lr: 0.000002, loss: 0.187328
534.2805761999997
epoch: 105, lr: 0.000002, loss: 0.146971
539.3765665999997
epoch: 106, lr: 0.000002, loss: 0.267530
544.4572673999996
epoch: 107, lr: 0.000002, loss: 0.202497
549.5485313999995
epoch: 108, lr: 0.000002, loss: 0.169925
554.6326710999996
epoch: 109, lr: 0.000002, loss: 0.369969
559.7165033999996
epoch: 110, lr: 0.000002, loss: 0.242032
564.7886530999996
epoch: 111, lr: 0.000002, loss: 0.172042
569.8733924999997
epoch: 112, lr: 0.000002, loss: 0.251773
574.9639429999996
epoch: 113, lr: 0.000001, loss: 0.295515
580.0495562999996
epoch: 114, lr: 0.000001, loss: 0.246925
585.1322546999995
epoch: 115, lr: 0.000001, loss: 0.222871
590.2138914999996
epoch: 116, lr: 0.000001, loss: 0.168890
595.2987471999995
epoch: 117, lr: 0.000001, loss: 0.173421
600.3856057999996
epoch: 118, lr: 0.000001, loss: 0.169802
605.4709058999996
epoch: 119, lr: 0.000001, loss: 0.254844
610.5509795999997
epoch: 120, lr: 0.000001, loss: 0.121293
615.6300063999996
epoch: 121, lr: 0.000001, loss: 0.234249
620.7108322999997
epoch: 122, lr: 0.000001, loss: 0.256517
625.7978420999996
epoch: 123, lr: 0.000001, loss: 0.217762
630.8775936999996
epoch: 124, lr: 0.000001, loss: 0.246343
635.9663692999997
epoch: 125, lr: 0.000001, loss: 0.265288
641.0448534999996
epoch: 126, lr: 0.000001, loss: 0.136957
646.1282645999995
epoch: 127, lr: 0.000001, loss: 0.249573
651.2133750999996
epoch: 128, lr: 0.000001, loss: 0.200285
656.2990229999996
epoch: 129, lr: 0.000001, loss: 0.251347
661.3829404999996
epoch: 130, lr: 0.000001, loss: 0.273746
666.4579193999996
epoch: 131, lr: 0.000001, loss: 0.210607
671.5432965999996
epoch: 132, lr: 0.000001, loss: 0.198674
676.6307177999996
epoch: 133, lr: 0.000001, loss: 0.121443
681.7103031999995
epoch: 134, lr: 0.000001, loss: 0.161196
686.7993615999995
epoch: 135, lr: 0.000001, loss: 0.152740
691.8783971999995
epoch: 136, lr: 0.000001, loss: 0.135902
696.9612809999995
epoch: 137, lr: 0.000001, loss: 0.234411
702.0390132999995
epoch: 138, lr: 0.000001, loss: 0.193639
707.1231387999995
epoch: 139, lr: 0.000001, loss: 0.252055
712.1985866999995
epoch: 140, lr: 0.000001, loss: 0.142649
717.2803574999995
epoch: 141, lr: 0.000001, loss: 0.119091
722.3622438999994
epoch: 142, lr: 0.000001, loss: 0.081877
727.4375170999994
epoch: 143, lr: 0.000001, loss: 0.311281
732.5207448999994
epoch: 144, lr: 0.000001, loss: 0.141509
737.6025817999994
epoch: 145, lr: 0.000001, loss: 0.330068
742.6910457999994
epoch: 146, lr: 0.000001, loss: 0.150907
747.7749024999995
epoch: 147, lr: 0.000001, loss: 0.287429
752.8638507999995
epoch: 148, lr: 0.000001, loss: 0.204418
757.9608752999994
epoch: 149, lr: 0.000001, loss: 0.249193
763.0417533999995
epoch: 0, lr: 0.000475, loss: 1.548944
5.4780046
epoch: 1, lr: 0.000451, loss: 0.932959
10.5598939
epoch: 2, lr: 0.000429, loss: 0.797335
15.634369600000001
epoch: 3, lr: 0.000407, loss: 0.522799
20.713414200000003
epoch: 4, lr: 0.000387, loss: 0.359304
25.7931277
epoch: 5, lr: 0.000368, loss: 0.356336
30.862279199999996
epoch: 6, lr: 0.000349, loss: 0.423430
35.934389499999995
epoch: 7, lr: 0.000332, loss: 0.386566
41.0131801
epoch: 8, lr: 0.000315, loss: 0.421358
46.0837168
epoch: 9, lr: 0.000299, loss: 0.263034
51.1613484
epoch: 10, lr: 0.000284, loss: 0.221476
56.243437899999996
epoch: 11, lr: 0.000270, loss: 0.348080
61.319129499999995
epoch: 12, lr: 0.000257, loss: 0.208543
66.3888288
epoch: 13, lr: 0.000244, loss: 0.243655
71.46442569999999
epoch: 14, lr: 0.000232, loss: 0.252080
76.5373361
epoch: 15, lr: 0.000220, loss: 0.266688
81.6021873
epoch: 16, lr: 0.000209, loss: 0.246182
86.68319089999999
epoch: 17, lr: 0.000199, loss: 0.223628
91.75382889999999
epoch: 18, lr: 0.000189, loss: 0.288492
96.8170428
epoch: 19, lr: 0.000179, loss: 0.222346
101.887884
epoch: 20, lr: 0.000170, loss: 0.326552
106.96125830000001
epoch: 21, lr: 0.000162, loss: 0.295346
112.0280053
epoch: 22, lr: 0.000154, loss: 0.241003
117.10930029999999
epoch: 23, lr: 0.000146, loss: 0.219214
122.1775899
epoch: 24, lr: 0.000139, loss: 0.291809
127.24061139999999
epoch: 25, lr: 0.000132, loss: 0.239883
132.3072838
epoch: 26, lr: 0.000125, loss: 0.306601
137.3653252
epoch: 27, lr: 0.000119, loss: 0.298246
142.4339903
epoch: 28, lr: 0.000113, loss: 0.250565
147.49670450000002
epoch: 29, lr: 0.000107, loss: 0.230104
152.57040240000003
epoch: 30, lr: 0.000102, loss: 0.161823
157.63842560000003
epoch: 31, lr: 0.000097, loss: 0.266615
162.70762370000003
epoch: 32, lr: 0.000092, loss: 0.313123
167.77657770000002
epoch: 33, lr: 0.000087, loss: 0.183772
172.85024420000002
epoch: 34, lr: 0.000083, loss: 0.237316
177.92261680000001
epoch: 35, lr: 0.000079, loss: 0.272962
182.98900730000003
epoch: 36, lr: 0.000075, loss: 0.372434
188.05690980000003
epoch: 37, lr: 0.000071, loss: 0.314961
193.12510160000002
epoch: 38, lr: 0.000068, loss: 0.244934
198.19158650000003
epoch: 39, lr: 0.000064, loss: 0.319657
203.26312650000003
epoch: 40, lr: 0.000061, loss: 0.199938
208.3224348
epoch: 41, lr: 0.000058, loss: 0.171824
213.3839544
epoch: 42, lr: 0.000055, loss: 0.210441
218.45509119999997
epoch: 43, lr: 0.000052, loss: 0.158437
223.52481709999995
epoch: 44, lr: 0.000050, loss: 0.229273
228.5876518999999
epoch: 45, lr: 0.000047, loss: 0.187656
233.65634369999992
epoch: 46, lr: 0.000045, loss: 0.181022
238.72462969999992
epoch: 47, lr: 0.000043, loss: 0.200141
243.7909922999999
epoch: 48, lr: 0.000040, loss: 0.191215
248.85238629999986
epoch: 49, lr: 0.000038, loss: 0.169282
253.91807599999987
epoch: 50, lr: 0.000037, loss: 0.195338
258.9885677999999
epoch: 51, lr: 0.000035, loss: 0.267838
264.0532805999999
epoch: 52, lr: 0.000033, loss: 0.164281
269.1240946999999
epoch: 53, lr: 0.000031, loss: 0.235798
274.1866205999999
epoch: 54, lr: 0.000030, loss: 0.247843
279.25415149999986
epoch: 55, lr: 0.000028, loss: 0.157613
284.3231537999999
epoch: 56, lr: 0.000027, loss: 0.315180
289.38654299999985
epoch: 57, lr: 0.000026, loss: 0.243839
294.4505551999998
epoch: 58, lr: 0.000024, loss: 0.134629
299.5181503999998
epoch: 59, lr: 0.000023, loss: 0.239211
304.58141959999983
epoch: 60, lr: 0.000022, loss: 0.206840
309.6479761999998
epoch: 61, lr: 0.000021, loss: 0.285551
314.7236423999998
epoch: 62, lr: 0.000020, loss: 0.243769
319.7824359999998
epoch: 63, lr: 0.000019, loss: 0.197404
324.8468645999998
epoch: 64, lr: 0.000018, loss: 0.137941
329.91516749999977
epoch: 65, lr: 0.000017, loss: 0.200012
334.98115719999976
epoch: 66, lr: 0.000016, loss: 0.307537
340.04917799999976
epoch: 67, lr: 0.000015, loss: 0.162099
345.1231547999997
epoch: 68, lr: 0.000015, loss: 0.163586
350.18787889999976
epoch: 69, lr: 0.000014, loss: 0.235815
355.2528154999997
epoch: 70, lr: 0.000013, loss: 0.202396
360.3151951999997
epoch: 71, lr: 0.000012, loss: 0.159669
365.3784780999997
epoch: 72, lr: 0.000012, loss: 0.227501
370.4385994999997
epoch: 73, lr: 0.000011, loss: 0.309491
375.4996947999997
epoch: 74, lr: 0.000011, loss: 0.204444
380.5656559999997
epoch: 75, lr: 0.000010, loss: 0.324274
385.6350204999997
epoch: 76, lr: 0.000010, loss: 0.275846
390.6963178999997
epoch: 77, lr: 0.000009, loss: 0.114421
395.75788289999974
epoch: 78, lr: 0.000009, loss: 0.267356
400.82088809999976
epoch: 79, lr: 0.000008, loss: 0.151503
405.89739069999973
epoch: 80, lr: 0.000008, loss: 0.216175
410.9615305999998
epoch: 81, lr: 0.000007, loss: 0.197973
416.0208292999998
epoch: 82, lr: 0.000007, loss: 0.241645
421.0905749999998
epoch: 83, lr: 0.000007, loss: 0.161022
426.15722769999985
epoch: 84, lr: 0.000006, loss: 0.166093
431.22329159999987
epoch: 85, lr: 0.000006, loss: 0.201562
436.29036109999987
epoch: 86, lr: 0.000006, loss: 0.244717
441.3519715999998
epoch: 87, lr: 0.000005, loss: 0.210315
446.41192919999975
epoch: 88, lr: 0.000005, loss: 0.255449
451.47966999999977
epoch: 89, lr: 0.000005, loss: 0.208394
456.5375625999997
epoch: 90, lr: 0.000005, loss: 0.182926
461.60845999999964
epoch: 91, lr: 0.000004, loss: 0.170995
466.67121939999964
epoch: 92, lr: 0.000004, loss: 0.208284
471.74213279999964
epoch: 93, lr: 0.000004, loss: 0.098460
476.8101034999997
epoch: 94, lr: 0.000004, loss: 0.110837
481.87970339999964
epoch: 95, lr: 0.000004, loss: 0.241167
486.9492057999997
epoch: 96, lr: 0.000003, loss: 0.171842
492.02237519999966
epoch: 97, lr: 0.000003, loss: 0.205619
497.09103819999956
epoch: 98, lr: 0.000003, loss: 0.328610
502.15630009999956
epoch: 99, lr: 0.000003, loss: 0.279670
507.2273106999996
epoch: 100, lr: 0.000003, loss: 0.297669
512.2976580999996
epoch: 101, lr: 0.000003, loss: 0.230201
517.3650954999996
epoch: 102, lr: 0.000003, loss: 0.167532
522.4416567999996
epoch: 103, lr: 0.000002, loss: 0.259708
527.5142193999997
epoch: 104, lr: 0.000002, loss: 0.162634
532.5889639999996
epoch: 105, lr: 0.000002, loss: 0.180075
537.6592302999995
epoch: 106, lr: 0.000002, loss: 0.263099
542.7234084999996
epoch: 107, lr: 0.000002, loss: 0.143603
547.7919399999996
epoch: 108, lr: 0.000002, loss: 0.168367
552.8552931999996
epoch: 109, lr: 0.000002, loss: 0.143825
557.9196242999994
epoch: 110, lr: 0.000002, loss: 0.265768
562.9948827999995
epoch: 111, lr: 0.000002, loss: 0.149305
568.0589726999995
epoch: 112, lr: 0.000002, loss: 0.126929
573.1326088999995
epoch: 113, lr: 0.000001, loss: 0.172712
578.1928887999995
epoch: 114, lr: 0.000001, loss: 0.287956
583.2585603999995
epoch: 115, lr: 0.000001, loss: 0.163910
588.3223038999995
epoch: 116, lr: 0.000001, loss: 0.208635
593.3940762999995
epoch: 117, lr: 0.000001, loss: 0.170404
598.4569916999994
epoch: 118, lr: 0.000001, loss: 0.176489
603.5203794999994
epoch: 119, lr: 0.000001, loss: 0.150097
608.5859835999995
epoch: 120, lr: 0.000001, loss: 0.160661
613.6458413999995
epoch: 121, lr: 0.000001, loss: 0.243336
618.7133034999995
epoch: 122, lr: 0.000001, loss: 0.183456
623.7758872999995
epoch: 123, lr: 0.000001, loss: 0.335398
628.8385674999995
epoch: 124, lr: 0.000001, loss: 0.124233
633.9065403999996
epoch: 125, lr: 0.000001, loss: 0.276696
638.9800881999996
epoch: 126, lr: 0.000001, loss: 0.112381
644.0511068999997
epoch: 127, lr: 0.000001, loss: 0.307149
649.1145968999997
epoch: 128, lr: 0.000001, loss: 0.298515
654.1778912999997
epoch: 129, lr: 0.000001, loss: 0.163358
659.2388730999996
epoch: 130, lr: 0.000001, loss: 0.124037
664.3029573999996
epoch: 131, lr: 0.000001, loss: 0.209691
669.3652898999997
epoch: 132, lr: 0.000001, loss: 0.337160
674.4318970999997
epoch: 133, lr: 0.000001, loss: 0.197972
679.5021226999996
epoch: 134, lr: 0.000001, loss: 0.201082
684.5718822999996
epoch: 135, lr: 0.000001, loss: 0.222294
689.6447971999996
epoch: 136, lr: 0.000001, loss: 0.284244
694.7067405999996
epoch: 137, lr: 0.000001, loss: 0.191256
699.7707693999997
epoch: 138, lr: 0.000001, loss: 0.271501
704.8366111999997
epoch: 139, lr: 0.000001, loss: 0.187462
709.9042160999996
epoch: 140, lr: 0.000001, loss: 0.205118
714.9749269999998
epoch: 141, lr: 0.000001, loss: 0.155163
720.0444934999998
epoch: 142, lr: 0.000001, loss: 0.177516
725.1120305999998
epoch: 143, lr: 0.000001, loss: 0.143289
730.1776357999998
epoch: 144, lr: 0.000001, loss: 0.292232
735.2458649999999
epoch: 145, lr: 0.000001, loss: 0.322026
740.3151629999999
epoch: 146, lr: 0.000001, loss: 0.232122
745.3876374999999
epoch: 147, lr: 0.000001, loss: 0.142875
750.4627057999999
epoch: 148, lr: 0.000001, loss: 0.254941
755.5316021999998
epoch: 149, lr: 0.000001, loss: 0.155662
760.5998886999998
epoch: 0, lr: 0.000475, loss: 1.457432
5.416988
epoch: 1, lr: 0.000451, loss: 0.824318
10.546169200000001
epoch: 2, lr: 0.000429, loss: 0.667941
15.685910700000004
epoch: 3, lr: 0.000407, loss: 0.519002
20.8298996
epoch: 4, lr: 0.000387, loss: 0.397565
25.973780200000004
epoch: 5, lr: 0.000368, loss: 0.299916
31.107530999999998
epoch: 6, lr: 0.000349, loss: 0.305090
36.24045769999999
epoch: 7, lr: 0.000332, loss: 0.363648
41.37335709999999
epoch: 8, lr: 0.000315, loss: 0.336059
46.5064553
epoch: 9, lr: 0.000299, loss: 0.345735
51.64351939999999
epoch: 10, lr: 0.000284, loss: 0.364762
56.7796395
epoch: 11, lr: 0.000270, loss: 0.322689
61.9156047
epoch: 12, lr: 0.000257, loss: 0.253822
67.0393903
epoch: 13, lr: 0.000244, loss: 0.247480
72.16976159999999
epoch: 14, lr: 0.000232, loss: 0.344741
77.306288
epoch: 15, lr: 0.000220, loss: 0.264630
82.43108899999999
epoch: 16, lr: 0.000209, loss: 0.253282
87.56048369999998
epoch: 17, lr: 0.000199, loss: 0.264638
92.68914889999998
epoch: 18, lr: 0.000189, loss: 0.272939
97.81474889999997
epoch: 19, lr: 0.000179, loss: 0.242417
102.94955259999996
epoch: 20, lr: 0.000170, loss: 0.275274
108.07261529999995
epoch: 21, lr: 0.000162, loss: 0.244964
113.19963529999997
epoch: 22, lr: 0.000154, loss: 0.150974
118.32412609999996
epoch: 23, lr: 0.000146, loss: 0.236867
123.45321349999996
epoch: 24, lr: 0.000139, loss: 0.204792
128.57653599999998
epoch: 25, lr: 0.000132, loss: 0.258828
133.6984086
epoch: 26, lr: 0.000125, loss: 0.218029
138.82422599999998
epoch: 27, lr: 0.000119, loss: 0.269715
143.94800539999997
epoch: 28, lr: 0.000113, loss: 0.322093
149.07411979999995
epoch: 29, lr: 0.000107, loss: 0.238250
154.19927099999995
epoch: 30, lr: 0.000102, loss: 0.333252
159.32261569999997
epoch: 31, lr: 0.000097, loss: 0.245452
164.45016779999997
epoch: 32, lr: 0.000092, loss: 0.254138
169.57472539999998
epoch: 33, lr: 0.000087, loss: 0.233496
174.69538269999995
epoch: 34, lr: 0.000083, loss: 0.203995
179.82453199999995
epoch: 35, lr: 0.000079, loss: 0.205111
184.94384769999996
epoch: 36, lr: 0.000075, loss: 0.153468
190.07012929999996
epoch: 37, lr: 0.000071, loss: 0.179493
195.19992909999996
epoch: 38, lr: 0.000068, loss: 0.407196
200.31894899999998
epoch: 39, lr: 0.000064, loss: 0.251254
205.44966259999998
epoch: 40, lr: 0.000061, loss: 0.275601
210.57844139999995
epoch: 41, lr: 0.000058, loss: 0.343051
215.6949094999999
epoch: 42, lr: 0.000055, loss: 0.389763
220.82573679999987
epoch: 43, lr: 0.000052, loss: 0.237917
225.9562710999999
epoch: 44, lr: 0.000050, loss: 0.279352
231.07831719999993
epoch: 45, lr: 0.000047, loss: 0.220013
236.19890899999993
epoch: 46, lr: 0.000045, loss: 0.196647
241.32699699999992
epoch: 47, lr: 0.000043, loss: 0.200759
246.44551019999992
epoch: 48, lr: 0.000040, loss: 0.241220
251.56970279999987
epoch: 49, lr: 0.000038, loss: 0.151212
256.69017789999987
epoch: 50, lr: 0.000037, loss: 0.223116
261.81185669999985
epoch: 51, lr: 0.000035, loss: 0.268108
266.9404261999998
epoch: 52, lr: 0.000033, loss: 0.253914
272.06580419999983
epoch: 53, lr: 0.000031, loss: 0.217071
277.18491999999986
epoch: 54, lr: 0.000030, loss: 0.195433
282.31551959999985
epoch: 55, lr: 0.000028, loss: 0.236908
287.4423864999999
epoch: 56, lr: 0.000027, loss: 0.226541
292.5700687999999
epoch: 57, lr: 0.000026, loss: 0.150699
297.6983399999999
epoch: 58, lr: 0.000024, loss: 0.386028
302.82286629999993
epoch: 59, lr: 0.000023, loss: 0.273911
307.95026269999994
epoch: 60, lr: 0.000022, loss: 0.184012
313.06991159999995
epoch: 61, lr: 0.000021, loss: 0.207390
318.1914612
epoch: 62, lr: 0.000020, loss: 0.294629
323.3185985
epoch: 63, lr: 0.000019, loss: 0.138885
328.4474622
epoch: 64, lr: 0.000018, loss: 0.241149
333.56594450000006
epoch: 65, lr: 0.000017, loss: 0.247622
338.68895620000006
epoch: 66, lr: 0.000016, loss: 0.157259
343.82017730000007
epoch: 67, lr: 0.000015, loss: 0.161222
348.94276020000007
epoch: 68, lr: 0.000015, loss: 0.224002
354.06778380000003
epoch: 69, lr: 0.000014, loss: 0.161495
359.1923476
epoch: 70, lr: 0.000013, loss: 0.167927
364.3116297
epoch: 71, lr: 0.000012, loss: 0.186053
369.4398795
epoch: 72, lr: 0.000012, loss: 0.237943
374.56633850000003
epoch: 73, lr: 0.000011, loss: 0.188579
379.6900264
epoch: 74, lr: 0.000011, loss: 0.184020
384.8202246
epoch: 75, lr: 0.000010, loss: 0.265693
389.94441600000005
epoch: 76, lr: 0.000010, loss: 0.298213
395.06977650000005
epoch: 77, lr: 0.000009, loss: 0.207366
400.19330740000004
epoch: 78, lr: 0.000009, loss: 0.236443
405.3258513
epoch: 79, lr: 0.000008, loss: 0.242128
410.4469755
epoch: 80, lr: 0.000008, loss: 0.260106
415.5729073
epoch: 81, lr: 0.000007, loss: 0.184361
420.70496679999997
epoch: 82, lr: 0.000007, loss: 0.255599
425.8250833000001
epoch: 83, lr: 0.000007, loss: 0.256331
430.94583380000006
epoch: 84, lr: 0.000006, loss: 0.236946
436.0696353000001
epoch: 85, lr: 0.000006, loss: 0.256940
441.2009822
epoch: 86, lr: 0.000006, loss: 0.215619
446.3245835
epoch: 87, lr: 0.000005, loss: 0.182149
451.4467832
epoch: 88, lr: 0.000005, loss: 0.224326
456.57344249999994
epoch: 89, lr: 0.000005, loss: 0.171322
461.69754479999995
epoch: 90, lr: 0.000005, loss: 0.232276
466.8223709
epoch: 91, lr: 0.000004, loss: 0.187305
471.9350726
epoch: 92, lr: 0.000004, loss: 0.118143
477.0518531
epoch: 93, lr: 0.000004, loss: 0.211288
482.1764369
epoch: 94, lr: 0.000004, loss: 0.234279
487.299492
epoch: 95, lr: 0.000004, loss: 0.272236
492.4308249999999
epoch: 96, lr: 0.000003, loss: 0.151179
497.5548746999999
epoch: 97, lr: 0.000003, loss: 0.304928
502.6779800999999
epoch: 98, lr: 0.000003, loss: 0.221643
507.8092552999999
epoch: 99, lr: 0.000003, loss: 0.148857
512.9392267999999
epoch: 100, lr: 0.000003, loss: 0.294926
518.0659415999999
epoch: 101, lr: 0.000003, loss: 0.295680
523.1899725999998
epoch: 102, lr: 0.000003, loss: 0.137505
528.3204792999998
epoch: 103, lr: 0.000002, loss: 0.119435
533.4408197999998
epoch: 104, lr: 0.000002, loss: 0.229818
538.5645002999998
epoch: 105, lr: 0.000002, loss: 0.282371
543.6932245999999
epoch: 106, lr: 0.000002, loss: 0.199866
548.8330665999999
epoch: 107, lr: 0.000002, loss: 0.179313
553.9635069999999
epoch: 108, lr: 0.000002, loss: 0.215184
559.0916215999999
epoch: 109, lr: 0.000002, loss: 0.182788
564.2118726999998
epoch: 110, lr: 0.000002, loss: 0.268063
569.3380955999999
epoch: 111, lr: 0.000002, loss: 0.153368
574.4645199999999
epoch: 112, lr: 0.000002, loss: 0.170902
579.5925206999999
epoch: 113, lr: 0.000001, loss: 0.175266
584.7167817999999
epoch: 114, lr: 0.000001, loss: 0.273901
589.8400655999999
epoch: 115, lr: 0.000001, loss: 0.204868
594.9623638999999
epoch: 116, lr: 0.000001, loss: 0.218929
600.0839107999999
epoch: 117, lr: 0.000001, loss: 0.206012
605.2127718999999
epoch: 118, lr: 0.000001, loss: 0.179338
610.3436581999999
epoch: 119, lr: 0.000001, loss: 0.278098
615.4624404
epoch: 120, lr: 0.000001, loss: 0.236005
620.586357
epoch: 121, lr: 0.000001, loss: 0.197456
625.7070722000001
epoch: 122, lr: 0.000001, loss: 0.195118
630.8311089000001
epoch: 123, lr: 0.000001, loss: 0.216342
635.9608581000001
epoch: 124, lr: 0.000001, loss: 0.201215
641.0829095000001
epoch: 125, lr: 0.000001, loss: 0.215630
646.2011491000002
epoch: 126, lr: 0.000001, loss: 0.270901
651.3257478000002
epoch: 127, lr: 0.000001, loss: 0.188326
656.4530823000001
epoch: 128, lr: 0.000001, loss: 0.258588
661.5732488000001
epoch: 129, lr: 0.000001, loss: 0.133691
666.7006877000001
epoch: 130, lr: 0.000001, loss: 0.311408
671.8223577000001
epoch: 131, lr: 0.000001, loss: 0.223271
676.9486781000002
epoch: 132, lr: 0.000001, loss: 0.211014
682.0721347000002
epoch: 133, lr: 0.000001, loss: 0.303872
687.1960031000002
epoch: 134, lr: 0.000001, loss: 0.239100
692.3201915000002
epoch: 135, lr: 0.000001, loss: 0.166680
697.4514128000002
epoch: 136, lr: 0.000001, loss: 0.190882
702.5812862000002
epoch: 137, lr: 0.000001, loss: 0.179380
707.7104227000002
epoch: 138, lr: 0.000001, loss: 0.264112
712.8304600000001
epoch: 139, lr: 0.000001, loss: 0.103222
717.9585072000001
epoch: 140, lr: 0.000001, loss: 0.242592
723.0797654000002
epoch: 141, lr: 0.000001, loss: 0.228144
728.2038362000002
epoch: 142, lr: 0.000001, loss: 0.250018
733.3249517000002
epoch: 143, lr: 0.000001, loss: 0.175089
738.4508672000002
epoch: 144, lr: 0.000001, loss: 0.259831
743.5746560000002
epoch: 145, lr: 0.000001, loss: 0.193666
748.7003158000002
epoch: 146, lr: 0.000001, loss: 0.187137
753.8214845000002
epoch: 147, lr: 0.000001, loss: 0.156890
758.9558040000003
epoch: 148, lr: 0.000001, loss: 0.204005
764.0866633000003
epoch: 149, lr: 0.000001, loss: 0.328400
769.2127580000003
